
             Lattice Mapping Report File for Design Module 'top'


Design Information
------------------

Command line:   map -a MachXO2 -p LCMXO2-7000HE -t TQFP144 -s 4 -oc Commercial
     FPGASDR_impl1.ngd -o FPGASDR_impl1_map.ncd -pr FPGASDR_impl1.prf -mp
     FPGASDR_impl1.mrp -lpf
     C:/Users/user/lattice/1BitADCFPGASDR/impl1/FPGASDR_impl1.lpf -lpf
     C:/Users/user/lattice/1BitADCFPGASDR/FPGASDR.lpf -gui -msgset
     C:/Users/user/lattice/1BitADCFPGASDR/promote.xml 
Target Vendor:  LATTICE
Target Device:  LCMXO2-7000HETQFP144
Target Performance:   4
Mapper:  xo2c00,  version:  Diamond (64-bit) 3.11.2.446
Mapped on:  04/06/20  13:41:21

Design Summary
--------------

   Number of registers:   2901 out of  7209 (40%)
      PFU registers:         2901 out of  6864 (42%)
      PIO registers:            0 out of   345 (0%)
   Number of SLICEs:      2564 out of  3432 (75%)
      SLICEs as Logic/ROM:   2564 out of  3432 (75%)
      SLICEs as RAM:            0 out of  2574 (0%)
      SLICEs as Carry:       1644 out of  3432 (48%)
   Number of LUT4s:        3865 out of  6864 (56%)
      Number used as logic LUTs:        577
      Number used as distributed RAM:     0
      Number used as ripple logic:      3288
      Number used as shift registers:     0
   Number of PIO sites used: 26 + 4(JTAG) out of 115 (26%)
      Number of PIO sites used for single ended IOs: 28
      Number of PIO sites used for differential IOs: 2 (represented by 1 PIO
     comps in NCD)
   Number of block RAMs:  0 out of 26 (0%)
   Number of GSRs:        0 out of 1 (0%)
   EFB used :        No
   JTAG used :       No
   Readback used :   No
   Oscillator used : Yes
   Startup used :    No
   POR :             On
   Bandgap :         On
   Number of Power Controller:  0 out of 1 (0%)
   Number of Dynamic Bank Controller (BCINRD):  0 out of 6 (0%)
   Number of Dynamic Bank Controller (BCLVDSO):  0 out of 1 (0%)
   Number of DCCA:  0 out of 8 (0%)
   Number of DCMA:  0 out of 2 (0%)
   Number of PLLs:  0 out of 2 (0%)
   Number of DQSDLLs:  0 out of 2 (0%)
   Number of CLKDIVC:  0 out of 4 (0%)
   Number of ECLKSYNCA:  0 out of 4 (0%)
   Number of ECLKBRIDGECS:  0 out of 2 (0%)
   Notes:-
      1. Total number of LUT4s = (Number of logic LUT4s) + 2*(Number of
     distributed RAMs) + 2*(Number of ripple logic)
      2. Number of logic LUT4s does not include count of distributed RAM and
     ripple logic.

                                    Page 1




Design:  top                                           Date:  04/06/20  13:41:21

Design Summary (cont)
---------------------
   Number of clocks:  3
     Net osc_clk: 1367 loads, 1367 rising, 0 falling (Driver: OSCH_inst )
     Net uart_rx1/UartClk[2]: 28 loads, 28 rising, 0 falling (Driver:
     uart_rx1/UartClk_1007_1029__i2 )
     Net CIC1_out_clkSin: 153 loads, 153 rising, 0 falling (Driver:
     CIC1Sin/d_clk_67 )
   Number of Clock Enables:  50
     Net PWM1/osc_clk_enable_1406: 6 loads, 6 LSLICEs
     Net osc_clk_enable_1407: 1 loads, 1 LSLICEs
     Net uart_rx1/UartClk_2_enable_1: 1 loads, 1 LSLICEs
     Net uart_rx1/UartClk_2_enable_16: 4 loads, 4 LSLICEs
     Net uart_rx1/UartClk_2_enable_32: 2 loads, 2 LSLICEs
     Net uart_rx1/UartClk_2_enable_33: 1 loads, 1 LSLICEs
     Net uart_rx1/UartClk_2_enable_34: 1 loads, 1 LSLICEs
     Net uart_rx1/UartClk_2_enable_4: 1 loads, 1 LSLICEs
     Net uart_rx1/UartClk_2_enable_35: 1 loads, 1 LSLICEs
     Net uart_rx1/UartClk_2_enable_36: 1 loads, 1 LSLICEs
     Net uart_rx1/UartClk_2_enable_5: 1 loads, 1 LSLICEs
     Net uart_rx1/UartClk_2_enable_6: 1 loads, 1 LSLICEs
     Net uart_rx1/UartClk_2_enable_7: 1 loads, 1 LSLICEs
     Net uart_rx1/UartClk_2_enable_30: 9 loads, 9 LSLICEs
     Net osc_clk_enable_1408: 1 loads, 1 LSLICEs
     Net osc_clk_enable_1411: 2 loads, 2 LSLICEs
     Net osc_clk_enable_1461: 25 loads, 25 LSLICEs
     Net osc_clk_enable_1471: 5 loads, 5 LSLICEs
     Net CIC1Sin/osc_clk_enable_141: 24 loads, 24 LSLICEs
     Net CIC1Sin/osc_clk_enable_69: 30 loads, 30 LSLICEs
     Net CIC1Sin/v_comb: 15 loads, 15 LSLICEs
     Net CIC1Sin/osc_clk_enable_410: 25 loads, 25 LSLICEs
     Net CIC1Sin/osc_clk_enable_460: 26 loads, 26 LSLICEs
     Net CIC1Sin/osc_clk_enable_310: 26 loads, 26 LSLICEs
     Net CIC1Sin/osc_clk_enable_160: 26 loads, 26 LSLICEs
     Net CIC1Sin/d_clk_tmp_N_1831: 13 loads, 13 LSLICEs
     Net CIC1Sin/osc_clk_enable_660: 25 loads, 25 LSLICEs
     Net CIC1Sin/osc_clk_enable_210: 26 loads, 26 LSLICEs
     Net CIC1Sin/osc_clk_enable_260: 25 loads, 25 LSLICEs
     Net CIC1Sin/osc_clk_enable_360: 26 loads, 26 LSLICEs
     Net CIC1Sin/osc_clk_enable_510: 25 loads, 25 LSLICEs
     Net CIC1Sin/osc_clk_enable_560: 25 loads, 25 LSLICEs
     Net CIC1Sin/osc_clk_enable_610: 26 loads, 26 LSLICEs
     Net CIC1Sin/osc_clk_enable_710: 26 loads, 26 LSLICEs
     Net CIC1Cos/osc_clk_enable_757: 24 loads, 24 LSLICEs
     Net CIC1Cos/osc_clk_enable_797: 30 loads, 30 LSLICEs
     Net CIC1Cos/v_comb: 15 loads, 15 LSLICEs
     Net CIC1Cos/count_15__N_1458: 12 loads, 12 LSLICEs
     Net CIC1Cos/osc_clk_enable_847: 26 loads, 26 LSLICEs
     Net CIC1Cos/osc_clk_enable_897: 26 loads, 26 LSLICEs
     Net CIC1Cos/osc_clk_enable_947: 25 loads, 25 LSLICEs
     Net CIC1Cos/osc_clk_enable_997: 26 loads, 26 LSLICEs
     Net CIC1Cos/osc_clk_enable_1047: 26 loads, 26 LSLICEs
     Net CIC1Cos/osc_clk_enable_1097: 25 loads, 25 LSLICEs
     Net CIC1Cos/osc_clk_enable_1147: 26 loads, 26 LSLICEs
     Net CIC1Cos/osc_clk_enable_1197: 25 loads, 25 LSLICEs
     Net CIC1Cos/osc_clk_enable_1247: 25 loads, 25 LSLICEs
     Net CIC1Cos/osc_clk_enable_1297: 26 loads, 26 LSLICEs
     Net CIC1Cos/osc_clk_enable_1347: 25 loads, 25 LSLICEs

                                    Page 2




Design:  top                                           Date:  04/06/20  13:41:21

Design Summary (cont)
---------------------
     Net CIC1Cos/osc_clk_enable_1397: 26 loads, 26 LSLICEs
   Number of LSRs:  10
     Net uart_rx1/r_SM_Main_2: 2 loads, 2 LSLICEs
     Net uart_rx1/r_Rx_DV: 1 loads, 1 LSLICEs
     Net uart_rx1/n12528: 1 loads, 1 LSLICEs
     Net uart_rx1/n8438: 9 loads, 9 LSLICEs
     Net CIC1Sin/osc_clk_enable_141: 2 loads, 2 LSLICEs
     Net CIC1Sin/d_clk_tmp_N_1831: 1 loads, 1 LSLICEs
     Net CIC1Sin/n8425: 8 loads, 8 LSLICEs
     Net CIC1Cos/osc_clk_enable_757: 1 loads, 1 LSLICEs
     Net CIC1Cos/count_15__N_1458: 1 loads, 1 LSLICEs
     Net CIC1Cos/n8436: 8 loads, 8 LSLICEs
   Number of nets driven by tri-state buffers:  0
   Top 10 highest fanout non-clock nets:
     Net MixerOutCos_11: 98 loads
     Net MixerOutSin_11: 98 loads
     Net SinCos1/rom_addr0_r_10: 86 loads
     Net SinCos1/rom_addr0_r_8: 86 loads
     Net SinCos1/rom_addr0_r_9: 86 loads
     Net SinCos1/rom_addr0_r_7: 83 loads
     Net n13061: 66 loads
     Net CICGain_0: 62 loads
     Net n13056: 52 loads
     Net o_Rx_Byte_3: 51 loads




   Number of warnings:  0
   Number of errors:    0
     

Design Errors/Warnings
----------------------

   No errors or warnings present.

IO (PIO) Attributes
-------------------

+---------------------+-----------+-----------+------------+
| IO Name             | Direction | Levelmode | IO         |
|                     |           |  IO_TYPE  | Register   |
+---------------------+-----------+-----------+------------+
| MYLED[6]            | OUTPUT    | LVCMOS33  |            |
+---------------------+-----------+-----------+------------+
| MYLED[5]            | OUTPUT    | LVCMOS33  |            |
+---------------------+-----------+-----------+------------+
| MYLED[7]            | OUTPUT    | LVCMOS33  |            |
+---------------------+-----------+-----------+------------+
| o_Tx_Serial         | OUTPUT    | LVCMOS33  |            |
+---------------------+-----------+-----------+------------+
| MYLED[4]            | OUTPUT    | LVCMOS33  |            |
+---------------------+-----------+-----------+------------+
| MYLED[3]            | OUTPUT    | LVCMOS33  |            |
+---------------------+-----------+-----------+------------+

                                    Page 3




Design:  top                                           Date:  04/06/20  13:41:21

IO (PIO) Attributes (cont)
--------------------------
| MYLED[2]            | OUTPUT    | LVCMOS33  |            |
+---------------------+-----------+-----------+------------+
| MYLED[1]            | OUTPUT    | LVCMOS33  |            |
+---------------------+-----------+-----------+------------+
| MYLED[0]            | OUTPUT    | LVCMOS33  |            |
+---------------------+-----------+-----------+------------+
| XOut                | OUTPUT    | LVCMOS25  |            |
+---------------------+-----------+-----------+------------+
| DiffOut             | OUTPUT    | LVCMOS25  |            |
+---------------------+-----------+-----------+------------+
| PWMOut              | OUTPUT    | LVCMOS25  |            |
+---------------------+-----------+-----------+------------+
| PWMOutP1            | OUTPUT    | LVCMOS25  |            |
+---------------------+-----------+-----------+------------+
| PWMOutP2            | OUTPUT    | LVCMOS25  |            |
+---------------------+-----------+-----------+------------+
| PWMOutP3            | OUTPUT    | LVCMOS25  |            |
+---------------------+-----------+-----------+------------+
| PWMOutP4            | OUTPUT    | LVCMOS25  |            |
+---------------------+-----------+-----------+------------+
| PWMOutN1            | OUTPUT    | LVCMOS25  |            |
+---------------------+-----------+-----------+------------+
| PWMOutN2            | OUTPUT    | LVCMOS25  |            |
+---------------------+-----------+-----------+------------+
| PWMOutN3            | OUTPUT    | LVCMOS25  |            |
+---------------------+-----------+-----------+------------+
| PWMOutN4            | OUTPUT    | LVCMOS25  |            |
+---------------------+-----------+-----------+------------+
| sinGen              | OUTPUT    | LVCMOS25  |            |
+---------------------+-----------+-----------+------------+
| sin_out             | OUTPUT    | LVCMOS25  |            |
+---------------------+-----------+-----------+------------+
| CIC_out_clkSin      | OUTPUT    | LVCMOS25  |            |
+---------------------+-----------+-----------+------------+
| i_Rx_Serial         | INPUT     | LVCMOS33  |            |
+---------------------+-----------+-----------+------------+
| RFIn                | INPUT     | LVDS25    |            |
+---------------------+-----------+-----------+------------+

Removed logic
-------------

Block GSR_INST undriven or does not drive anything - clipped.
Signal AMDemodulator1/Multiplier1/Multiplier_0_pp_0_0 was merged into signal
     AMDemodulator1/Multiplier1/regb_b_0
Signal AMDemodulator1/Multiplier2/Multiplier_0_pp_0_0 was merged into signal
     AMDemodulator1/Multiplier2/regb_b_0
Signal SinCos1/lx_ne0_inv was merged into signal SinCos1/lx_ne0
Signal SinCos1/rom_dout_13_inv was merged into signal SinCos1/rom_dout_13
Signal SinCos1/rom_dout_14_inv was merged into signal SinCos1/rom_dout_14
Signal SinCos1/rom_dout_15_inv was merged into signal SinCos1/rom_dout_15
Signal SinCos1/rom_dout_16_inv was merged into signal SinCos1/rom_dout_16
Signal SinCos1/rom_dout_17_inv was merged into signal SinCos1/rom_dout_17
Signal SinCos1/rom_dout_18_inv was merged into signal SinCos1/rom_dout_18
Signal SinCos1/rom_dout_19_inv was merged into signal SinCos1/rom_dout_19
Signal SinCos1/rom_dout_20_inv was merged into signal SinCos1/rom_dout_20

                                    Page 4




Design:  top                                           Date:  04/06/20  13:41:21

Removed logic (cont)
--------------------
Signal SinCos1/rom_dout_21_inv was merged into signal SinCos1/rom_dout_21
Signal SinCos1/rom_dout_22_inv was merged into signal SinCos1/rom_dout_22
Signal SinCos1/rom_dout_23_inv was merged into signal SinCos1/rom_dout_23
Signal SinCos1/rom_dout_24_inv was merged into signal SinCos1/rom_dout_24
Signal SinCos1/rom_dout_25_inv was merged into signal SinCos1/rom_dout_25
Signal SinCos1/rom_dout_inv was merged into signal SinCos1/rom_dout
Signal SinCos1/rom_dout_1_inv was merged into signal SinCos1/rom_dout_1
Signal SinCos1/rom_dout_2_inv was merged into signal SinCos1/rom_dout_2
Signal SinCos1/rom_dout_3_inv was merged into signal SinCos1/rom_dout_3
Signal SinCos1/rom_dout_4_inv was merged into signal SinCos1/rom_dout_4
Signal SinCos1/rom_dout_5_inv was merged into signal SinCos1/rom_dout_5
Signal SinCos1/rom_dout_6_inv was merged into signal SinCos1/rom_dout_6
Signal SinCos1/rom_dout_7_inv was merged into signal SinCos1/rom_dout_7
Signal SinCos1/rom_dout_8_inv was merged into signal SinCos1/rom_dout_8
Signal SinCos1/rom_dout_9_inv was merged into signal SinCos1/rom_dout_9
Signal SinCos1/rom_dout_10_inv was merged into signal SinCos1/rom_dout_10
Signal SinCos1/rom_dout_11_inv was merged into signal SinCos1/rom_dout_11
Signal SinCos1/rom_dout_12_inv was merged into signal SinCos1/rom_dout_12
Signal SinCos1/rom_addr0_r_inv was merged into signal SinCos1/rom_addr0_r
Signal SinCos1/rom_addr0_r_5_inv was merged into signal SinCos1/rom_addr0_r_5
Signal SinCos1/rom_addr0_r_4_inv was merged into signal SinCos1/rom_addr0_r_4
Signal SinCos1/rom_addr0_r_3_inv was merged into signal SinCos1/rom_addr0_r_3
Signal SinCos1/rom_addr0_r_2_inv was merged into signal SinCos1/rom_addr0_r_2
Signal SinCos1/rom_addr0_r_1_inv was merged into signal SinCos1/rom_addr0_r_1
Signal uart_rx1/n8421 was merged into signal uart_rx1/r_Rx_DV
Signal SinCos1/rom_dout_25_ffin undriven or does not drive anything - clipped.
Signal SinCos1/rom_dout_11_ffin undriven or does not drive anything - clipped.
Signal SinCos1/rom_dout_12_ffin undriven or does not drive anything - clipped.
Signal AMDemodulator1/Multiplier1/t_Multiplier_0_add_4_9/S1 undriven or does not
     drive anything - clipped.
Signal AMDemodulator1/Multiplier1/t_Multiplier_0_add_4_9/COUT undriven or does
     not drive anything - clipped.
Signal AMDemodulator1/Multiplier1/Cadd_t_Multiplier_0_4_1/S0 undriven or does
     not drive anything - clipped.
Signal AMDemodulator1/Multiplier1/Cadd_Multiplier_0_3_11/S1 undriven or does not
     drive anything - clipped.
Signal AMDemodulator1/Multiplier1/Cadd_Multiplier_0_3_11/COUT undriven or does
     not drive anything - clipped.
Signal AMDemodulator1/Multiplier1/Cadd_Multiplier_0_3_1/S0 undriven or does not
     drive anything - clipped.
Signal AMDemodulator1/Multiplier1/Multiplier_0_add_2_8/S1 undriven or does not
     drive anything - clipped.
Signal AMDemodulator1/Multiplier1/Multiplier_0_add_2_8/COUT undriven or does not
     drive anything - clipped.
Signal AMDemodulator1/Multiplier1/Cadd_Multiplier_0_2_1/S0 undriven or does not
     drive anything - clipped.
Signal AMDemodulator1/Multiplier1/Cadd_Multiplier_0_1_9/S1 undriven or does not
     drive anything - clipped.
Signal AMDemodulator1/Multiplier1/Cadd_Multiplier_0_1_9/COUT undriven or does
     not drive anything - clipped.
Signal AMDemodulator1/Multiplier1/Cadd_Multiplier_0_1_1/S0 undriven or does not
     drive anything - clipped.
Signal AMDemodulator1/Multiplier1/Cadd_Multiplier_0_0_9/S1 undriven or does not
     drive anything - clipped.
Signal AMDemodulator1/Multiplier1/Cadd_Multiplier_0_0_9/COUT undriven or does
     not drive anything - clipped.

                                    Page 5




Design:  top                                           Date:  04/06/20  13:41:21

Removed logic (cont)
--------------------
Signal AMDemodulator1/Multiplier1/Cadd_Multiplier_0_0_1/S0 undriven or does not
     drive anything - clipped.
Signal AMDemodulator1/Multiplier1/Multiplier_0_Cadd_10_6/S1 undriven or does not
     drive anything - clipped.
Signal AMDemodulator1/Multiplier1/Multiplier_0_Cadd_10_6/COUT undriven or does
     not drive anything - clipped.
Signal AMDemodulator1/Multiplier1/Multiplier_0_cin_lr_add_10/S1 undriven or does
     not drive anything - clipped.
Signal AMDemodulator1/Multiplier1/Multiplier_0_cin_lr_add_10/S0 undriven or does
     not drive anything - clipped.
Signal AMDemodulator1/Multiplier1/Multiplier_0_Cadd_8_6/S1 undriven or does not
     drive anything - clipped.
Signal AMDemodulator1/Multiplier1/Multiplier_0_Cadd_8_6/COUT undriven or does
     not drive anything - clipped.
Signal AMDemodulator1/Multiplier1/Multiplier_0_cin_lr_add_8/S1 undriven or does
     not drive anything - clipped.
Signal AMDemodulator1/Multiplier1/Multiplier_0_cin_lr_add_8/S0 undriven or does
     not drive anything - clipped.
Signal AMDemodulator1/Multiplier1/Multiplier_0_Cadd_6_6/S1 undriven or does not
     drive anything - clipped.
Signal AMDemodulator1/Multiplier1/Multiplier_0_Cadd_6_6/COUT undriven or does
     not drive anything - clipped.
Signal AMDemodulator1/Multiplier1/Multiplier_0_cin_lr_add_6/S1 undriven or does
     not drive anything - clipped.
Signal AMDemodulator1/Multiplier1/Multiplier_0_cin_lr_add_6/S0 undriven or does
     not drive anything - clipped.
Signal AMDemodulator1/Multiplier1/Multiplier_0_Cadd_4_6/S1 undriven or does not
     drive anything - clipped.
Signal AMDemodulator1/Multiplier1/Multiplier_0_Cadd_4_6/COUT undriven or does
     not drive anything - clipped.
Signal AMDemodulator1/Multiplier1/Multiplier_0_cin_lr_add_4/S1 undriven or does
     not drive anything - clipped.
Signal AMDemodulator1/Multiplier1/Multiplier_0_cin_lr_add_4/S0 undriven or does
     not drive anything - clipped.
Signal AMDemodulator1/Multiplier1/Multiplier_0_Cadd_2_6/S1 undriven or does not
     drive anything - clipped.
Signal AMDemodulator1/Multiplier1/Multiplier_0_Cadd_2_6/COUT undriven or does
     not drive anything - clipped.
Signal AMDemodulator1/Multiplier1/Multiplier_0_cin_lr_add_2/S1 undriven or does
     not drive anything - clipped.
Signal AMDemodulator1/Multiplier1/Multiplier_0_cin_lr_add_2/S0 undriven or does
     not drive anything - clipped.
Signal AMDemodulator1/Multiplier1/Multiplier_0_Cadd_0_6/S1 undriven or does not
     drive anything - clipped.
Signal AMDemodulator1/Multiplier1/Multiplier_0_Cadd_0_6/COUT undriven or does
     not drive anything - clipped.
Signal AMDemodulator1/Multiplier1/Multiplier_0_cin_lr_add_0/S1 undriven or does
     not drive anything - clipped.
Signal AMDemodulator1/Multiplier1/Multiplier_0_cin_lr_add_0/S0 undriven or does
     not drive anything - clipped.
Signal AMDemodulator1/Multiplier2/t_Multiplier_0_add_4_9/S1 undriven or does not
     drive anything - clipped.
Signal AMDemodulator1/Multiplier2/t_Multiplier_0_add_4_9/COUT undriven or does
     not drive anything - clipped.
Signal AMDemodulator1/Multiplier2/Cadd_t_Multiplier_0_4_1/S0 undriven or does
     not drive anything - clipped.

                                    Page 6




Design:  top                                           Date:  04/06/20  13:41:21

Removed logic (cont)
--------------------
Signal AMDemodulator1/Multiplier2/Cadd_Multiplier_0_3_11/S1 undriven or does not
     drive anything - clipped.
Signal AMDemodulator1/Multiplier2/Cadd_Multiplier_0_3_11/COUT undriven or does
     not drive anything - clipped.
Signal AMDemodulator1/Multiplier2/Cadd_Multiplier_0_3_1/S0 undriven or does not
     drive anything - clipped.
Signal AMDemodulator1/Multiplier2/Multiplier_0_add_2_8/S1 undriven or does not
     drive anything - clipped.
Signal AMDemodulator1/Multiplier2/Multiplier_0_add_2_8/COUT undriven or does not
     drive anything - clipped.
Signal AMDemodulator1/Multiplier2/Cadd_Multiplier_0_2_1/S0 undriven or does not
     drive anything - clipped.
Signal AMDemodulator1/Multiplier2/Cadd_Multiplier_0_1_9/S1 undriven or does not
     drive anything - clipped.
Signal AMDemodulator1/Multiplier2/Cadd_Multiplier_0_1_9/COUT undriven or does
     not drive anything - clipped.
Signal AMDemodulator1/Multiplier2/Cadd_Multiplier_0_1_1/S0 undriven or does not
     drive anything - clipped.
Signal AMDemodulator1/Multiplier2/Cadd_Multiplier_0_0_9/S1 undriven or does not
     drive anything - clipped.
Signal AMDemodulator1/Multiplier2/Cadd_Multiplier_0_0_9/COUT undriven or does
     not drive anything - clipped.
Signal AMDemodulator1/Multiplier2/Cadd_Multiplier_0_0_1/S0 undriven or does not
     drive anything - clipped.
Signal AMDemodulator1/Multiplier2/Multiplier_0_Cadd_10_6/S1 undriven or does not
     drive anything - clipped.
Signal AMDemodulator1/Multiplier2/Multiplier_0_Cadd_10_6/COUT undriven or does
     not drive anything - clipped.
Signal AMDemodulator1/Multiplier2/Multiplier_0_cin_lr_add_10/S1 undriven or does
     not drive anything - clipped.
Signal AMDemodulator1/Multiplier2/Multiplier_0_cin_lr_add_10/S0 undriven or does
     not drive anything - clipped.
Signal AMDemodulator1/Multiplier2/Multiplier_0_Cadd_8_6/S1 undriven or does not
     drive anything - clipped.
Signal AMDemodulator1/Multiplier2/Multiplier_0_Cadd_8_6/COUT undriven or does
     not drive anything - clipped.
Signal AMDemodulator1/Multiplier2/Multiplier_0_cin_lr_add_8/S1 undriven or does
     not drive anything - clipped.
Signal AMDemodulator1/Multiplier2/Multiplier_0_cin_lr_add_8/S0 undriven or does
     not drive anything - clipped.
Signal AMDemodulator1/Multiplier2/Multiplier_0_Cadd_6_6/S1 undriven or does not
     drive anything - clipped.
Signal AMDemodulator1/Multiplier2/Multiplier_0_Cadd_6_6/COUT undriven or does
     not drive anything - clipped.
Signal AMDemodulator1/Multiplier2/Multiplier_0_cin_lr_add_6/S1 undriven or does
     not drive anything - clipped.
Signal AMDemodulator1/Multiplier2/Multiplier_0_cin_lr_add_6/S0 undriven or does
     not drive anything - clipped.
Signal AMDemodulator1/Multiplier2/Multiplier_0_Cadd_4_6/S1 undriven or does not
     drive anything - clipped.
Signal AMDemodulator1/Multiplier2/Multiplier_0_Cadd_4_6/COUT undriven or does
     not drive anything - clipped.
Signal AMDemodulator1/Multiplier2/Multiplier_0_cin_lr_add_4/S1 undriven or does
     not drive anything - clipped.
Signal AMDemodulator1/Multiplier2/Multiplier_0_cin_lr_add_4/S0 undriven or does
     not drive anything - clipped.

                                    Page 7




Design:  top                                           Date:  04/06/20  13:41:21

Removed logic (cont)
--------------------
Signal AMDemodulator1/Multiplier2/Multiplier_0_Cadd_2_6/S1 undriven or does not
     drive anything - clipped.
Signal AMDemodulator1/Multiplier2/Multiplier_0_Cadd_2_6/COUT undriven or does
     not drive anything - clipped.
Signal AMDemodulator1/Multiplier2/Multiplier_0_cin_lr_add_2/S1 undriven or does
     not drive anything - clipped.
Signal AMDemodulator1/Multiplier2/Multiplier_0_cin_lr_add_2/S0 undriven or does
     not drive anything - clipped.
Signal AMDemodulator1/Multiplier2/Multiplier_0_Cadd_0_6/S1 undriven or does not
     drive anything - clipped.
Signal AMDemodulator1/Multiplier2/Multiplier_0_Cadd_0_6/COUT undriven or does
     not drive anything - clipped.
Signal AMDemodulator1/Multiplier2/Multiplier_0_cin_lr_add_0/S1 undriven or does
     not drive anything - clipped.
Signal AMDemodulator1/Multiplier2/Multiplier_0_cin_lr_add_0/S0 undriven or does
     not drive anything - clipped.
Signal AMDemodulator1/add_437_1/S1 undriven or does not drive anything -
     clipped.
Signal AMDemodulator1/add_437_1/S0 undriven or does not drive anything -
     clipped.
Signal AMDemodulator1/add_437_1/CI undriven or does not drive anything -
     clipped.
Signal AMDemodulator1/add_437_3/S0 undriven or does not drive anything -
     clipped.
Signal AMDemodulator1/add_437_15/CO undriven or does not drive anything -
     clipped.
Signal AMDemodulator1/add_557_1/S1 undriven or does not drive anything -
     clipped.
Signal AMDemodulator1/add_557_1/S0 undriven or does not drive anything -
     clipped.
Signal AMDemodulator1/add_557_1/CI undriven or does not drive anything -
     clipped.
Signal AMDemodulator1/add_557_3/S0 undriven or does not drive anything -
     clipped.
Signal AMDemodulator1/add_557_19/CO undriven or does not drive anything -
     clipped.
Signal AMDemodulator1/add_537_1/S1 undriven or does not drive anything -
     clipped.
Signal AMDemodulator1/add_537_1/S0 undriven or does not drive anything -
     clipped.
Signal AMDemodulator1/add_537_1/CI undriven or does not drive anything -
     clipped.
Signal AMDemodulator1/add_537_3/S0 undriven or does not drive anything -
     clipped.
Signal AMDemodulator1/add_537_19/CO undriven or does not drive anything -
     clipped.
Signal AMDemodulator1/add_657_1/S1 undriven or does not drive anything -
     clipped.
Signal AMDemodulator1/add_657_1/S0 undriven or does not drive anything -
     clipped.
Signal AMDemodulator1/add_657_1/CI undriven or does not drive anything -
     clipped.
Signal AMDemodulator1/add_657_3/S0 undriven or does not drive anything -
     clipped.
Signal AMDemodulator1/add_657_19/CO undriven or does not drive anything -
     clipped.

                                    Page 8




Design:  top                                           Date:  04/06/20  13:41:21

Removed logic (cont)
--------------------
Signal AMDemodulator1/add_617_1/S1 undriven or does not drive anything -
     clipped.
Signal AMDemodulator1/add_617_1/S0 undriven or does not drive anything -
     clipped.
Signal AMDemodulator1/add_617_1/CI undriven or does not drive anything -
     clipped.
Signal AMDemodulator1/add_617_3/S0 undriven or does not drive anything -
     clipped.
Signal AMDemodulator1/add_617_19/CO undriven or does not drive anything -
     clipped.
Signal AMDemodulator1/add_497_1/S1 undriven or does not drive anything -
     clipped.
Signal AMDemodulator1/add_497_1/S0 undriven or does not drive anything -
     clipped.
Signal AMDemodulator1/add_497_1/CI undriven or does not drive anything -
     clipped.
Signal AMDemodulator1/add_497_3/S0 undriven or does not drive anything -
     clipped.
Signal AMDemodulator1/add_497_19/CO undriven or does not drive anything -
     clipped.
Signal AMDemodulator1/add_577_1/S1 undriven or does not drive anything -
     clipped.
Signal AMDemodulator1/add_577_1/S0 undriven or does not drive anything -
     clipped.
Signal AMDemodulator1/add_577_1/CI undriven or does not drive anything -
     clipped.
Signal AMDemodulator1/add_577_3/S0 undriven or does not drive anything -
     clipped.
Signal AMDemodulator1/add_577_19/CO undriven or does not drive anything -
     clipped.
Signal AMDemodulator1/sub_78_add_2_2/S1 undriven or does not drive anything -
     clipped.
Signal AMDemodulator1/sub_78_add_2_2/S0 undriven or does not drive anything -
     clipped.
Signal AMDemodulator1/sub_78_add_2_2/CI undriven or does not drive anything -
     clipped.
Signal AMDemodulator1/sub_78_add_2_4/S1 undriven or does not drive anything -
     clipped.
Signal AMDemodulator1/sub_78_add_2_4/S0 undriven or does not drive anything -
     clipped.
Signal AMDemodulator1/add_144_1/S1 undriven or does not drive anything -
     clipped.
Signal AMDemodulator1/add_144_1/S0 undriven or does not drive anything -
     clipped.
Signal AMDemodulator1/add_144_1/CI undriven or does not drive anything -
     clipped.
Signal AMDemodulator1/add_144_3/S1 undriven or does not drive anything -
     clipped.
Signal AMDemodulator1/add_144_3/S0 undriven or does not drive anything -
     clipped.
Signal AMDemodulator1/add_144_5/S1 undriven or does not drive anything -
     clipped.
Signal AMDemodulator1/add_144_5/S0 undriven or does not drive anything -
     clipped.
Signal AMDemodulator1/add_144_7/S1 undriven or does not drive anything -
     clipped.

                                    Page 9




Design:  top                                           Date:  04/06/20  13:41:21

Removed logic (cont)
--------------------
Signal AMDemodulator1/add_144_7/S0 undriven or does not drive anything -
     clipped.
Signal AMDemodulator1/add_144_9/S1 undriven or does not drive anything -
     clipped.
Signal AMDemodulator1/add_144_9/S0 undriven or does not drive anything -
     clipped.
Signal AMDemodulator1/add_144_11/S1 undriven or does not drive anything -
     clipped.
Signal AMDemodulator1/add_144_11/S0 undriven or does not drive anything -
     clipped.
Signal AMDemodulator1/add_144_13/S1 undriven or does not drive anything -
     clipped.
Signal AMDemodulator1/add_144_13/S0 undriven or does not drive anything -
     clipped.
Signal AMDemodulator1/add_144_15/S1 undriven or does not drive anything -
     clipped.
Signal AMDemodulator1/add_144_15/S0 undriven or does not drive anything -
     clipped.
Signal AMDemodulator1/add_144_17/S0 undriven or does not drive anything -
     clipped.
Signal AMDemodulator1/add_144_17/CO undriven or does not drive anything -
     clipped.
Signal AMDemodulator1/sub_78_add_2_6/S1 undriven or does not drive anything -
     clipped.
Signal AMDemodulator1/sub_78_add_2_6/S0 undriven or does not drive anything -
     clipped.
Signal AMDemodulator1/add_417_1/S1 undriven or does not drive anything -
     clipped.
Signal AMDemodulator1/add_417_1/S0 undriven or does not drive anything -
     clipped.
Signal AMDemodulator1/add_417_1/CI undriven or does not drive anything -
     clipped.
Signal AMDemodulator1/add_417_3/S0 undriven or does not drive anything -
     clipped.
Signal AMDemodulator1/add_417_17/CO undriven or does not drive anything -
     clipped.
Signal AMDemodulator1/add_517_1/S1 undriven or does not drive anything -
     clipped.
Signal AMDemodulator1/add_517_1/S0 undriven or does not drive anything -
     clipped.
Signal AMDemodulator1/add_517_1/CI undriven or does not drive anything -
     clipped.
Signal AMDemodulator1/add_517_3/S0 undriven or does not drive anything -
     clipped.
Signal AMDemodulator1/add_517_11/CO undriven or does not drive anything -
     clipped.
Signal AMDemodulator1/MultResult1_23__I_0_2/S0 undriven or does not drive
     anything - clipped.
Signal AMDemodulator1/MultResult1_23__I_0_2/CI undriven or does not drive
     anything - clipped.
Signal AMDemodulator1/MultResult1_23__I_0_26/S1 undriven or does not drive
     anything - clipped.
Signal AMDemodulator1/MultResult1_23__I_0_26/CO undriven or does not drive
     anything - clipped.
Signal AMDemodulator1/sub_78_add_2_8/S1 undriven or does not drive anything -
     clipped.

                                   Page 10




Design:  top                                           Date:  04/06/20  13:41:21

Removed logic (cont)
--------------------
Signal AMDemodulator1/sub_78_add_2_8/S0 undriven or does not drive anything -
     clipped.
Signal AMDemodulator1/sub_78_add_2_10/S1 undriven or does not drive anything -
     clipped.
Signal AMDemodulator1/sub_78_add_2_10/S0 undriven or does not drive anything -
     clipped.
Signal AMDemodulator1/sub_78_add_2_12/S1 undriven or does not drive anything -
     clipped.
Signal AMDemodulator1/sub_78_add_2_12/S0 undriven or does not drive anything -
     clipped.
Signal AMDemodulator1/sub_78_add_2_14/S1 undriven or does not drive anything -
     clipped.
Signal AMDemodulator1/sub_78_add_2_14/S0 undriven or does not drive anything -
     clipped.
Signal AMDemodulator1/add_3130_2/S0 undriven or does not drive anything -
     clipped.
Signal AMDemodulator1/add_3130_2/CI undriven or does not drive anything -
     clipped.
Signal AMDemodulator1/add_3130_8/S1 undriven or does not drive anything -
     clipped.
Signal AMDemodulator1/add_3130_8/CO undriven or does not drive anything -
     clipped.
Signal AMDemodulator1/sub_78_add_2_16/S1 undriven or does not drive anything -
     clipped.
Signal AMDemodulator1/sub_78_add_2_16/S0 undriven or does not drive anything -
     clipped.
Signal AMDemodulator1/sub_78_add_2_18/S0 undriven or does not drive anything -
     clipped.
Signal AMDemodulator1/sub_78_add_2_18/CO undriven or does not drive anything -
     clipped.
Signal AMDemodulator1/add_457_1/S1 undriven or does not drive anything -
     clipped.
Signal AMDemodulator1/add_457_1/S0 undriven or does not drive anything -
     clipped.
Signal AMDemodulator1/add_457_1/CI undriven or does not drive anything -
     clipped.
Signal AMDemodulator1/add_457_3/S0 undriven or does not drive anything -
     clipped.
Signal AMDemodulator1/add_457_13/CO undriven or does not drive anything -
     clipped.
Signal CIC1Cos/add_1076_2/S0 undriven or does not drive anything - clipped.
Signal CIC1Cos/add_1076_2/CI undriven or does not drive anything - clipped.
Signal CIC1Cos/add_1076_36/CO undriven or does not drive anything - clipped.
Signal CIC1Cos/add_1077_37/CO undriven or does not drive anything - clipped.
Signal CIC1Cos/add_1096_2/S0 undriven or does not drive anything - clipped.
Signal CIC1Cos/add_1096_2/CI undriven or does not drive anything - clipped.
Signal CIC1Cos/add_1110_1/S0 undriven or does not drive anything - clipped.
Signal CIC1Cos/add_1110_1/CI undriven or does not drive anything - clipped.
Signal CIC1Cos/add_1110_37/CO undriven or does not drive anything - clipped.
Signal CIC1Cos/add_1115_1/S0 undriven or does not drive anything - clipped.
Signal CIC1Cos/add_1115_1/CI undriven or does not drive anything - clipped.
Signal CIC1Cos/add_1115_37/CO undriven or does not drive anything - clipped.
Signal CIC1Cos/add_1120_1/S0 undriven or does not drive anything - clipped.
Signal CIC1Cos/add_1120_1/CI undriven or does not drive anything - clipped.
Signal CIC1Cos/add_1120_37/CO undriven or does not drive anything - clipped.
Signal CIC1Cos/add_1125_1/S0 undriven or does not drive anything - clipped.

                                   Page 11




Design:  top                                           Date:  04/06/20  13:41:21

Removed logic (cont)
--------------------
Signal CIC1Cos/add_1125_1/CI undriven or does not drive anything - clipped.
Signal CIC1Cos/add_1125_37/CO undriven or does not drive anything - clipped.
Signal CIC1Cos/add_1130_1/S1 undriven or does not drive anything - clipped.
Signal CIC1Cos/add_1130_1/S0 undriven or does not drive anything - clipped.
Signal CIC1Cos/add_1130_1/CI undriven or does not drive anything - clipped.
Signal CIC1Cos/add_1130_3/S1 undriven or does not drive anything - clipped.
Signal CIC1Cos/add_1130_3/S0 undriven or does not drive anything - clipped.
Signal CIC1Cos/add_1130_5/S1 undriven or does not drive anything - clipped.
Signal CIC1Cos/add_1130_5/S0 undriven or does not drive anything - clipped.
Signal CIC1Cos/add_1130_7/S1 undriven or does not drive anything - clipped.
Signal CIC1Cos/add_1130_7/S0 undriven or does not drive anything - clipped.
Signal CIC1Cos/add_1130_9/S1 undriven or does not drive anything - clipped.
Signal CIC1Cos/add_1130_9/S0 undriven or does not drive anything - clipped.
Signal CIC1Cos/add_1130_11/S1 undriven or does not drive anything - clipped.
Signal CIC1Cos/add_1130_11/S0 undriven or does not drive anything - clipped.
Signal CIC1Cos/add_1130_13/S1 undriven or does not drive anything - clipped.
Signal CIC1Cos/add_1130_13/S0 undriven or does not drive anything - clipped.
Signal CIC1Cos/add_1130_15/S1 undriven or does not drive anything - clipped.
Signal CIC1Cos/add_1130_15/S0 undriven or does not drive anything - clipped.
Signal CIC1Cos/add_1130_17/S1 undriven or does not drive anything - clipped.
Signal CIC1Cos/add_1130_17/S0 undriven or does not drive anything - clipped.
Signal CIC1Cos/add_1130_19/S1 undriven or does not drive anything - clipped.
Signal CIC1Cos/add_1130_19/S0 undriven or does not drive anything - clipped.
Signal CIC1Cos/add_1130_21/S1 undriven or does not drive anything - clipped.
Signal CIC1Cos/add_1130_21/S0 undriven or does not drive anything - clipped.
Signal CIC1Cos/add_1130_23/S1 undriven or does not drive anything - clipped.
Signal CIC1Cos/add_1130_23/S0 undriven or does not drive anything - clipped.
Signal CIC1Cos/add_1130_25/S1 undriven or does not drive anything - clipped.
Signal CIC1Cos/add_1130_25/S0 undriven or does not drive anything - clipped.
Signal CIC1Cos/add_1130_27/S1 undriven or does not drive anything - clipped.
Signal CIC1Cos/add_1130_27/S0 undriven or does not drive anything - clipped.
Signal CIC1Cos/add_1130_29/S1 undriven or does not drive anything - clipped.
Signal CIC1Cos/add_1130_29/S0 undriven or does not drive anything - clipped.
Signal CIC1Cos/add_1130_31/S1 undriven or does not drive anything - clipped.
Signal CIC1Cos/add_1130_31/S0 undriven or does not drive anything - clipped.
Signal CIC1Cos/add_1130_33/S1 undriven or does not drive anything - clipped.
Signal CIC1Cos/add_1130_33/S0 undriven or does not drive anything - clipped.
Signal CIC1Cos/add_1130_35/S1 undriven or does not drive anything - clipped.
Signal CIC1Cos/add_1130_35/S0 undriven or does not drive anything - clipped.
Signal CIC1Cos/add_1130_37/S0 undriven or does not drive anything - clipped.
Signal CIC1Cos/add_1130_37/CO undriven or does not drive anything - clipped.
Signal CIC1Cos/add_1075_2/S0 undriven or does not drive anything - clipped.
Signal CIC1Cos/add_1075_2/CI undriven or does not drive anything - clipped.
Signal CIC1Cos/add_1075_cout/S1 undriven or does not drive anything - clipped.
Signal CIC1Cos/add_1075_cout/CO undriven or does not drive anything - clipped.
Signal CIC1Cos/add_1080_2/S0 undriven or does not drive anything - clipped.
Signal CIC1Cos/add_1080_2/CI undriven or does not drive anything - clipped.
Signal CIC1Cos/add_1080_cout/S1 undriven or does not drive anything - clipped.
Signal CIC1Cos/add_1080_cout/CO undriven or does not drive anything - clipped.
Signal CIC1Cos/add_1085_2/S0 undriven or does not drive anything - clipped.
Signal CIC1Cos/add_1085_2/CI undriven or does not drive anything - clipped.
Signal CIC1Cos/add_1085_cout/S1 undriven or does not drive anything - clipped.
Signal CIC1Cos/add_1085_cout/CO undriven or does not drive anything - clipped.
Signal CIC1Cos/add_1090_2/S0 undriven or does not drive anything - clipped.
Signal CIC1Cos/add_1090_2/CI undriven or does not drive anything - clipped.
Signal CIC1Cos/add_1090_cout/S1 undriven or does not drive anything - clipped.

                                   Page 12




Design:  top                                           Date:  04/06/20  13:41:21

Removed logic (cont)
--------------------
Signal CIC1Cos/add_1090_cout/CO undriven or does not drive anything - clipped.
Signal CIC1Cos/add_1095_2/S0 undriven or does not drive anything - clipped.
Signal CIC1Cos/add_1095_2/CI undriven or does not drive anything - clipped.
Signal CIC1Cos/add_1095_cout/S1 undriven or does not drive anything - clipped.
Signal CIC1Cos/add_1095_cout/CO undriven or does not drive anything - clipped.
Signal CIC1Cos/add_10_1/S0 undriven or does not drive anything - clipped.
Signal CIC1Cos/add_10_1/CI undriven or does not drive anything - clipped.
Signal CIC1Cos/add_10_17/S1 undriven or does not drive anything - clipped.
Signal CIC1Cos/add_10_17/CO undriven or does not drive anything - clipped.
Signal CIC1Cos/add_1132_1/S1 undriven or does not drive anything - clipped.
Signal CIC1Cos/add_1132_1/S0 undriven or does not drive anything - clipped.
Signal CIC1Cos/add_1132_1/CI undriven or does not drive anything - clipped.
Signal CIC1Cos/add_1132_3/S1 undriven or does not drive anything - clipped.
Signal CIC1Cos/add_1132_3/S0 undriven or does not drive anything - clipped.
Signal CIC1Cos/add_1132_5/S1 undriven or does not drive anything - clipped.
Signal CIC1Cos/add_1132_5/S0 undriven or does not drive anything - clipped.
Signal CIC1Cos/add_1132_7/S1 undriven or does not drive anything - clipped.
Signal CIC1Cos/add_1132_7/S0 undriven or does not drive anything - clipped.
Signal CIC1Cos/add_1132_9/S1 undriven or does not drive anything - clipped.
Signal CIC1Cos/add_1132_9/S0 undriven or does not drive anything - clipped.
Signal CIC1Cos/add_1132_11/S1 undriven or does not drive anything - clipped.
Signal CIC1Cos/add_1132_11/S0 undriven or does not drive anything - clipped.
Signal CIC1Cos/add_1132_13/S1 undriven or does not drive anything - clipped.
Signal CIC1Cos/add_1132_13/S0 undriven or does not drive anything - clipped.
Signal CIC1Cos/add_1132_15/S1 undriven or does not drive anything - clipped.
Signal CIC1Cos/add_1132_15/S0 undriven or does not drive anything - clipped.
Signal CIC1Cos/add_1132_17/S1 undriven or does not drive anything - clipped.
Signal CIC1Cos/add_1132_17/S0 undriven or does not drive anything - clipped.
Signal CIC1Cos/add_1132_19/S1 undriven or does not drive anything - clipped.
Signal CIC1Cos/add_1132_19/S0 undriven or does not drive anything - clipped.
Signal CIC1Cos/add_1132_21/S1 undriven or does not drive anything - clipped.
Signal CIC1Cos/add_1132_21/S0 undriven or does not drive anything - clipped.
Signal CIC1Cos/add_1132_37/S1 undriven or does not drive anything - clipped.
Signal CIC1Cos/add_1132_37/CO undriven or does not drive anything - clipped.
Signal CIC1Cos/add_1131_1/S1 undriven or does not drive anything - clipped.
Signal CIC1Cos/add_1131_1/S0 undriven or does not drive anything - clipped.
Signal CIC1Cos/add_1131_1/CI undriven or does not drive anything - clipped.
Signal CIC1Cos/add_1131_3/S1 undriven or does not drive anything - clipped.
Signal CIC1Cos/add_1131_3/S0 undriven or does not drive anything - clipped.
Signal CIC1Cos/add_1131_5/S1 undriven or does not drive anything - clipped.
Signal CIC1Cos/add_1131_5/S0 undriven or does not drive anything - clipped.
Signal CIC1Cos/add_1131_7/S1 undriven or does not drive anything - clipped.
Signal CIC1Cos/add_1131_7/S0 undriven or does not drive anything - clipped.
Signal CIC1Cos/add_1131_9/S1 undriven or does not drive anything - clipped.
Signal CIC1Cos/add_1131_9/S0 undriven or does not drive anything - clipped.
Signal CIC1Cos/add_1131_11/S1 undriven or does not drive anything - clipped.
Signal CIC1Cos/add_1131_11/S0 undriven or does not drive anything - clipped.
Signal CIC1Cos/add_1131_13/S1 undriven or does not drive anything - clipped.
Signal CIC1Cos/add_1131_13/S0 undriven or does not drive anything - clipped.
Signal CIC1Cos/add_1131_15/S1 undriven or does not drive anything - clipped.
Signal CIC1Cos/add_1131_15/S0 undriven or does not drive anything - clipped.
Signal CIC1Cos/add_1131_17/S1 undriven or does not drive anything - clipped.
Signal CIC1Cos/add_1131_17/S0 undriven or does not drive anything - clipped.
Signal CIC1Cos/add_1131_19/S1 undriven or does not drive anything - clipped.
Signal CIC1Cos/add_1131_19/S0 undriven or does not drive anything - clipped.
Signal CIC1Cos/add_1131_21/S1 undriven or does not drive anything - clipped.

                                   Page 13




Design:  top                                           Date:  04/06/20  13:41:21

Removed logic (cont)
--------------------
Signal CIC1Cos/add_1131_21/S0 undriven or does not drive anything - clipped.
Signal CIC1Cos/add_1131_37/S1 undriven or does not drive anything - clipped.
Signal CIC1Cos/add_1131_37/CO undriven or does not drive anything - clipped.
Signal CIC1Cos/add_1127_1/S1 undriven or does not drive anything - clipped.
Signal CIC1Cos/add_1127_1/S0 undriven or does not drive anything - clipped.
Signal CIC1Cos/add_1127_1/CI undriven or does not drive anything - clipped.
Signal CIC1Cos/add_1127_37/CO undriven or does not drive anything - clipped.
Signal CIC1Cos/add_1126_1/S0 undriven or does not drive anything - clipped.
Signal CIC1Cos/add_1126_1/CI undriven or does not drive anything - clipped.
Signal CIC1Cos/add_1126_37/S1 undriven or does not drive anything - clipped.
Signal CIC1Cos/add_1126_37/CO undriven or does not drive anything - clipped.
Signal CIC1Cos/add_1122_1/S1 undriven or does not drive anything - clipped.
Signal CIC1Cos/add_1122_1/S0 undriven or does not drive anything - clipped.
Signal CIC1Cos/add_1122_1/CI undriven or does not drive anything - clipped.
Signal CIC1Cos/add_1122_37/CO undriven or does not drive anything - clipped.
Signal CIC1Cos/add_1121_1/S0 undriven or does not drive anything - clipped.
Signal CIC1Cos/add_1121_1/CI undriven or does not drive anything - clipped.
Signal CIC1Cos/add_1121_37/S1 undriven or does not drive anything - clipped.
Signal CIC1Cos/add_1121_37/CO undriven or does not drive anything - clipped.
Signal CIC1Cos/add_1117_1/S1 undriven or does not drive anything - clipped.
Signal CIC1Cos/add_1117_1/S0 undriven or does not drive anything - clipped.
Signal CIC1Cos/add_1117_1/CI undriven or does not drive anything - clipped.
Signal CIC1Cos/add_1117_37/CO undriven or does not drive anything - clipped.
Signal CIC1Cos/add_1116_1/S0 undriven or does not drive anything - clipped.
Signal CIC1Cos/add_1116_1/CI undriven or does not drive anything - clipped.
Signal CIC1Cos/add_1116_37/S1 undriven or does not drive anything - clipped.
Signal CIC1Cos/add_1116_37/CO undriven or does not drive anything - clipped.
Signal CIC1Cos/add_1112_1/S1 undriven or does not drive anything - clipped.
Signal CIC1Cos/add_1112_1/S0 undriven or does not drive anything - clipped.
Signal CIC1Cos/add_1112_1/CI undriven or does not drive anything - clipped.
Signal CIC1Cos/add_1112_37/CO undriven or does not drive anything - clipped.
Signal CIC1Cos/add_1111_1/S0 undriven or does not drive anything - clipped.
Signal CIC1Cos/add_1111_1/CI undriven or does not drive anything - clipped.
Signal CIC1Cos/add_1096_36/CO undriven or does not drive anything - clipped.
Signal CIC1Cos/add_1092_1/S1 undriven or does not drive anything - clipped.
Signal CIC1Cos/add_1092_1/S0 undriven or does not drive anything - clipped.
Signal CIC1Cos/add_1092_1/CI undriven or does not drive anything - clipped.
Signal CIC1Cos/add_1092_37/CO undriven or does not drive anything - clipped.
Signal CIC1Cos/add_1091_2/S0 undriven or does not drive anything - clipped.
Signal CIC1Cos/add_1091_2/CI undriven or does not drive anything - clipped.
Signal CIC1Cos/add_1082_37/CO undriven or does not drive anything - clipped.
Signal CIC1Cos/add_1097_1/S1 undriven or does not drive anything - clipped.
Signal CIC1Cos/add_1097_1/S0 undriven or does not drive anything - clipped.
Signal CIC1Cos/add_1097_1/CI undriven or does not drive anything - clipped.
Signal CIC1Cos/add_1081_2/S0 undriven or does not drive anything - clipped.
Signal CIC1Cos/add_1081_2/CI undriven or does not drive anything - clipped.
Signal CIC1Cos/add_1087_37/CO undriven or does not drive anything - clipped.
Signal CIC1Cos/add_1086_2/S0 undriven or does not drive anything - clipped.
Signal CIC1Cos/add_1086_2/CI undriven or does not drive anything - clipped.
Signal CIC1Cos/add_1097_37/CO undriven or does not drive anything - clipped.
Signal CIC1Cos/add_1111_37/S1 undriven or does not drive anything - clipped.
Signal CIC1Cos/add_1111_37/CO undriven or does not drive anything - clipped.
Signal CIC1Cos/add_1091_36/CO undriven or does not drive anything - clipped.
Signal CIC1Cos/add_1086_36/CO undriven or does not drive anything - clipped.
Signal CIC1Cos/add_1082_1/S1 undriven or does not drive anything - clipped.
Signal CIC1Cos/add_1082_1/S0 undriven or does not drive anything - clipped.

                                   Page 14




Design:  top                                           Date:  04/06/20  13:41:21

Removed logic (cont)
--------------------
Signal CIC1Cos/add_1082_1/CI undriven or does not drive anything - clipped.
Signal CIC1Cos/add_1087_1/S1 undriven or does not drive anything - clipped.
Signal CIC1Cos/add_1087_1/S0 undriven or does not drive anything - clipped.
Signal CIC1Cos/add_1087_1/CI undriven or does not drive anything - clipped.
Signal CIC1Cos/add_1081_36/CO undriven or does not drive anything - clipped.
Signal CIC1Cos/add_1077_1/S1 undriven or does not drive anything - clipped.
Signal CIC1Cos/add_1077_1/S0 undriven or does not drive anything - clipped.
Signal CIC1Cos/add_1077_1/CI undriven or does not drive anything - clipped.
Signal ncoGen/phase_accum_63__I_0_12_2/S0 undriven or does not drive anything -
     clipped.
Signal ncoGen/phase_accum_63__I_0_12_2/CI undriven or does not drive anything -
     clipped.
Signal ncoGen/phase_accum_63__I_0_12_64/CO undriven or does not drive anything -
     clipped.
Signal CIC1Sin/add_1072_1/S1 undriven or does not drive anything - clipped.
Signal CIC1Sin/add_1072_1/S0 undriven or does not drive anything - clipped.
Signal CIC1Sin/add_1072_1/CI undriven or does not drive anything - clipped.
Signal CIC1Sin/add_1052_37/CO undriven or does not drive anything - clipped.
Signal CIC1Sin/add_1072_37/CO undriven or does not drive anything - clipped.
Signal CIC1Sin/add_1071_2/S0 undriven or does not drive anything - clipped.
Signal CIC1Sin/add_1071_2/CI undriven or does not drive anything - clipped.
Signal CIC1Sin/add_1071_36/CO undriven or does not drive anything - clipped.
Signal CIC1Sin/add_1067_1/S1 undriven or does not drive anything - clipped.
Signal CIC1Sin/add_1067_1/S0 undriven or does not drive anything - clipped.
Signal CIC1Sin/add_1067_1/CI undriven or does not drive anything - clipped.
Signal CIC1Sin/add_1051_2/S0 undriven or does not drive anything - clipped.
Signal CIC1Sin/add_1051_2/CI undriven or does not drive anything - clipped.
Signal CIC1Sin/add_1106_9/S1 undriven or does not drive anything - clipped.
Signal CIC1Sin/add_1106_9/S0 undriven or does not drive anything - clipped.
Signal CIC1Sin/add_1051_36/CO undriven or does not drive anything - clipped.
Signal CIC1Sin/add_1047_1/S1 undriven or does not drive anything - clipped.
Signal CIC1Sin/add_1047_1/S0 undriven or does not drive anything - clipped.
Signal CIC1Sin/add_1047_1/CI undriven or does not drive anything - clipped.
Signal CIC1Sin/add_1047_37/CO undriven or does not drive anything - clipped.
Signal CIC1Sin/add_1046_1/S0 undriven or does not drive anything - clipped.
Signal CIC1Sin/add_1046_1/CI undriven or does not drive anything - clipped.
Signal CIC1Sin/add_1046_37/S1 undriven or does not drive anything - clipped.
Signal CIC1Sin/add_1046_37/CO undriven or does not drive anything - clipped.
Signal CIC1Sin/add_1067_37/CO undriven or does not drive anything - clipped.
Signal CIC1Sin/add_1066_2/S0 undriven or does not drive anything - clipped.
Signal CIC1Sin/add_1066_2/CI undriven or does not drive anything - clipped.
Signal CIC1Sin/add_1066_36/CO undriven or does not drive anything - clipped.
Signal CIC1Sin/add_1062_1/S1 undriven or does not drive anything - clipped.
Signal CIC1Sin/add_1062_1/S0 undriven or does not drive anything - clipped.
Signal CIC1Sin/add_1062_1/CI undriven or does not drive anything - clipped.
Signal CIC1Sin/add_1062_37/CO undriven or does not drive anything - clipped.
Signal CIC1Sin/add_1061_2/S0 undriven or does not drive anything - clipped.
Signal CIC1Sin/add_1061_2/CI undriven or does not drive anything - clipped.
Signal CIC1Sin/add_1140_1/S0 undriven or does not drive anything - clipped.
Signal CIC1Sin/add_1140_1/CI undriven or does not drive anything - clipped.
Signal CIC1Sin/add_1105_13/S1 undriven or does not drive anything - clipped.
Signal CIC1Sin/add_1105_13/S0 undriven or does not drive anything - clipped.
Signal CIC1Sin/add_1105_15/S1 undriven or does not drive anything - clipped.
Signal CIC1Sin/add_1105_15/S0 undriven or does not drive anything - clipped.
Signal CIC1Sin/add_1105_17/S1 undriven or does not drive anything - clipped.
Signal CIC1Sin/add_1105_17/S0 undriven or does not drive anything - clipped.

                                   Page 15




Design:  top                                           Date:  04/06/20  13:41:21

Removed logic (cont)
--------------------
Signal CIC1Sin/add_1105_19/S1 undriven or does not drive anything - clipped.
Signal CIC1Sin/add_1105_19/S0 undriven or does not drive anything - clipped.
Signal CIC1Sin/add_1105_21/S1 undriven or does not drive anything - clipped.
Signal CIC1Sin/add_1105_21/S0 undriven or does not drive anything - clipped.
Signal CIC1Sin/add_1105_23/S1 undriven or does not drive anything - clipped.
Signal CIC1Sin/add_1105_23/S0 undriven or does not drive anything - clipped.
Signal CIC1Sin/add_1105_25/S1 undriven or does not drive anything - clipped.
Signal CIC1Sin/add_1105_25/S0 undriven or does not drive anything - clipped.
Signal CIC1Sin/add_1105_27/S1 undriven or does not drive anything - clipped.
Signal CIC1Sin/add_1105_27/S0 undriven or does not drive anything - clipped.
Signal CIC1Sin/add_1105_29/S1 undriven or does not drive anything - clipped.
Signal CIC1Sin/add_1105_29/S0 undriven or does not drive anything - clipped.
Signal CIC1Sin/add_1105_31/S1 undriven or does not drive anything - clipped.
Signal CIC1Sin/add_1105_31/S0 undriven or does not drive anything - clipped.
Signal CIC1Sin/add_1105_33/S1 undriven or does not drive anything - clipped.
Signal CIC1Sin/add_1105_33/S0 undriven or does not drive anything - clipped.
Signal CIC1Sin/add_1105_35/S1 undriven or does not drive anything - clipped.
Signal CIC1Sin/add_1105_35/S0 undriven or does not drive anything - clipped.
Signal CIC1Sin/add_1105_37/S0 undriven or does not drive anything - clipped.
Signal CIC1Sin/add_1105_37/CO undriven or does not drive anything - clipped.
Signal CIC1Sin/add_1135_1/S0 undriven or does not drive anything - clipped.
Signal CIC1Sin/add_1135_1/CI undriven or does not drive anything - clipped.
Signal CIC1Sin/add_1135_37/CO undriven or does not drive anything - clipped.
Signal CIC1Sin/add_1140_37/CO undriven or does not drive anything - clipped.
Signal CIC1Sin/add_1050_2/S0 undriven or does not drive anything - clipped.
Signal CIC1Sin/add_1050_2/CI undriven or does not drive anything - clipped.
Signal CIC1Sin/add_1050_cout/S1 undriven or does not drive anything - clipped.
Signal CIC1Sin/add_1050_cout/CO undriven or does not drive anything - clipped.
Signal CIC1Sin/add_1055_2/S0 undriven or does not drive anything - clipped.
Signal CIC1Sin/add_1055_2/CI undriven or does not drive anything - clipped.
Signal CIC1Sin/add_1055_cout/S1 undriven or does not drive anything - clipped.
Signal CIC1Sin/add_1055_cout/CO undriven or does not drive anything - clipped.
Signal CIC1Sin/add_1060_2/S0 undriven or does not drive anything - clipped.
Signal CIC1Sin/add_1060_2/CI undriven or does not drive anything - clipped.
Signal CIC1Sin/add_1060_cout/S1 undriven or does not drive anything - clipped.
Signal CIC1Sin/add_1060_cout/CO undriven or does not drive anything - clipped.
Signal CIC1Sin/add_1065_2/S0 undriven or does not drive anything - clipped.
Signal CIC1Sin/add_1065_2/CI undriven or does not drive anything - clipped.
Signal CIC1Sin/add_1065_cout/S1 undriven or does not drive anything - clipped.
Signal CIC1Sin/add_1065_cout/CO undriven or does not drive anything - clipped.
Signal CIC1Sin/add_1070_2/S0 undriven or does not drive anything - clipped.
Signal CIC1Sin/add_1070_2/CI undriven or does not drive anything - clipped.
Signal CIC1Sin/add_1070_cout/S1 undriven or does not drive anything - clipped.
Signal CIC1Sin/add_1070_cout/CO undriven or does not drive anything - clipped.
Signal CIC1Sin/add_10_1/S0 undriven or does not drive anything - clipped.
Signal CIC1Sin/add_10_1/CI undriven or does not drive anything - clipped.
Signal CIC1Sin/add_10_17/S1 undriven or does not drive anything - clipped.
Signal CIC1Sin/add_10_17/CO undriven or does not drive anything - clipped.
Signal CIC1Sin/add_1100_1/S0 undriven or does not drive anything - clipped.
Signal CIC1Sin/add_1100_1/CI undriven or does not drive anything - clipped.
Signal CIC1Sin/add_1100_37/CO undriven or does not drive anything - clipped.
Signal CIC1Sin/add_1045_1/S0 undriven or does not drive anything - clipped.
Signal CIC1Sin/add_1045_1/CI undriven or does not drive anything - clipped.
Signal CIC1Sin/add_1045_37/CO undriven or does not drive anything - clipped.
Signal CIC1Sin/add_1142_1/S1 undriven or does not drive anything - clipped.
Signal CIC1Sin/add_1142_1/S0 undriven or does not drive anything - clipped.

                                   Page 16




Design:  top                                           Date:  04/06/20  13:41:21

Removed logic (cont)
--------------------
Signal CIC1Sin/add_1142_1/CI undriven or does not drive anything - clipped.
Signal CIC1Sin/add_1142_37/CO undriven or does not drive anything - clipped.
Signal CIC1Sin/add_1141_1/S0 undriven or does not drive anything - clipped.
Signal CIC1Sin/add_1141_1/CI undriven or does not drive anything - clipped.
Signal CIC1Sin/add_1141_37/S1 undriven or does not drive anything - clipped.
Signal CIC1Sin/add_1141_37/CO undriven or does not drive anything - clipped.
Signal CIC1Sin/add_1137_1/S1 undriven or does not drive anything - clipped.
Signal CIC1Sin/add_1137_1/S0 undriven or does not drive anything - clipped.
Signal CIC1Sin/add_1137_1/CI undriven or does not drive anything - clipped.
Signal CIC1Sin/add_1137_37/CO undriven or does not drive anything - clipped.
Signal CIC1Sin/add_1136_1/S0 undriven or does not drive anything - clipped.
Signal CIC1Sin/add_1136_1/CI undriven or does not drive anything - clipped.
Signal CIC1Sin/add_1136_37/S1 undriven or does not drive anything - clipped.
Signal CIC1Sin/add_1136_37/CO undriven or does not drive anything - clipped.
Signal CIC1Sin/add_1106_11/S1 undriven or does not drive anything - clipped.
Signal CIC1Sin/add_1106_11/S0 undriven or does not drive anything - clipped.
Signal CIC1Sin/add_1106_13/S1 undriven or does not drive anything - clipped.
Signal CIC1Sin/add_1106_13/S0 undriven or does not drive anything - clipped.
Signal CIC1Sin/add_1061_36/CO undriven or does not drive anything - clipped.
Signal CIC1Sin/add_1057_1/S1 undriven or does not drive anything - clipped.
Signal CIC1Sin/add_1057_1/S0 undriven or does not drive anything - clipped.
Signal CIC1Sin/add_1057_1/CI undriven or does not drive anything - clipped.
Signal CIC1Sin/add_1106_15/S1 undriven or does not drive anything - clipped.
Signal CIC1Sin/add_1106_15/S0 undriven or does not drive anything - clipped.
Signal CIC1Sin/add_1057_37/CO undriven or does not drive anything - clipped.
Signal CIC1Sin/add_1056_2/S0 undriven or does not drive anything - clipped.
Signal CIC1Sin/add_1056_2/CI undriven or does not drive anything - clipped.
Signal CIC1Sin/add_1106_17/S1 undriven or does not drive anything - clipped.
Signal CIC1Sin/add_1106_17/S0 undriven or does not drive anything - clipped.
Signal CIC1Sin/add_1106_19/S1 undriven or does not drive anything - clipped.
Signal CIC1Sin/add_1106_19/S0 undriven or does not drive anything - clipped.
Signal CIC1Sin/add_1107_1/S1 undriven or does not drive anything - clipped.
Signal CIC1Sin/add_1107_1/S0 undriven or does not drive anything - clipped.
Signal CIC1Sin/add_1107_1/CI undriven or does not drive anything - clipped.
Signal CIC1Sin/add_1106_37/S1 undriven or does not drive anything - clipped.
Signal CIC1Sin/add_1106_37/CO undriven or does not drive anything - clipped.
Signal CIC1Sin/add_1102_1/S1 undriven or does not drive anything - clipped.
Signal CIC1Sin/add_1102_1/S0 undriven or does not drive anything - clipped.
Signal CIC1Sin/add_1102_1/CI undriven or does not drive anything - clipped.
Signal CIC1Sin/add_1107_3/S1 undriven or does not drive anything - clipped.
Signal CIC1Sin/add_1107_3/S0 undriven or does not drive anything - clipped.
Signal CIC1Sin/add_1107_5/S1 undriven or does not drive anything - clipped.
Signal CIC1Sin/add_1107_5/S0 undriven or does not drive anything - clipped.
Signal CIC1Sin/add_1107_7/S1 undriven or does not drive anything - clipped.
Signal CIC1Sin/add_1107_7/S0 undriven or does not drive anything - clipped.
Signal CIC1Sin/add_1107_9/S1 undriven or does not drive anything - clipped.
Signal CIC1Sin/add_1107_9/S0 undriven or does not drive anything - clipped.
Signal CIC1Sin/add_1102_37/CO undriven or does not drive anything - clipped.
Signal CIC1Sin/add_1107_11/S1 undriven or does not drive anything - clipped.
Signal CIC1Sin/add_1107_11/S0 undriven or does not drive anything - clipped.
Signal CIC1Sin/add_1101_1/S0 undriven or does not drive anything - clipped.
Signal CIC1Sin/add_1101_1/CI undriven or does not drive anything - clipped.
Signal CIC1Sin/add_1107_13/S1 undriven or does not drive anything - clipped.
Signal CIC1Sin/add_1107_13/S0 undriven or does not drive anything - clipped.
Signal CIC1Sin/add_1107_15/S1 undriven or does not drive anything - clipped.
Signal CIC1Sin/add_1107_15/S0 undriven or does not drive anything - clipped.

                                   Page 17




Design:  top                                           Date:  04/06/20  13:41:21

Removed logic (cont)
--------------------
Signal CIC1Sin/add_1107_17/S1 undriven or does not drive anything - clipped.
Signal CIC1Sin/add_1107_17/S0 undriven or does not drive anything - clipped.
Signal CIC1Sin/add_1106_21/S1 undriven or does not drive anything - clipped.
Signal CIC1Sin/add_1106_21/S0 undriven or does not drive anything - clipped.
Signal CIC1Sin/add_1107_19/S1 undriven or does not drive anything - clipped.
Signal CIC1Sin/add_1107_19/S0 undriven or does not drive anything - clipped.
Signal CIC1Sin/add_1107_21/S1 undriven or does not drive anything - clipped.
Signal CIC1Sin/add_1107_21/S0 undriven or does not drive anything - clipped.
Signal CIC1Sin/add_1107_37/S1 undriven or does not drive anything - clipped.
Signal CIC1Sin/add_1107_37/CO undriven or does not drive anything - clipped.
Signal CIC1Sin/add_1106_1/S1 undriven or does not drive anything - clipped.
Signal CIC1Sin/add_1106_1/S0 undriven or does not drive anything - clipped.
Signal CIC1Sin/add_1106_1/CI undriven or does not drive anything - clipped.
Signal CIC1Sin/add_1106_3/S1 undriven or does not drive anything - clipped.
Signal CIC1Sin/add_1106_3/S0 undriven or does not drive anything - clipped.
Signal CIC1Sin/add_1106_5/S1 undriven or does not drive anything - clipped.
Signal CIC1Sin/add_1106_5/S0 undriven or does not drive anything - clipped.
Signal CIC1Sin/add_1101_37/S1 undriven or does not drive anything - clipped.
Signal CIC1Sin/add_1101_37/CO undriven or does not drive anything - clipped.
Signal CIC1Sin/add_1105_1/S1 undriven or does not drive anything - clipped.
Signal CIC1Sin/add_1105_1/S0 undriven or does not drive anything - clipped.
Signal CIC1Sin/add_1105_1/CI undriven or does not drive anything - clipped.
Signal CIC1Sin/add_1105_3/S1 undriven or does not drive anything - clipped.
Signal CIC1Sin/add_1105_3/S0 undriven or does not drive anything - clipped.
Signal CIC1Sin/add_1105_5/S1 undriven or does not drive anything - clipped.
Signal CIC1Sin/add_1105_5/S0 undriven or does not drive anything - clipped.
Signal CIC1Sin/add_1105_7/S1 undriven or does not drive anything - clipped.
Signal CIC1Sin/add_1105_7/S0 undriven or does not drive anything - clipped.
Signal CIC1Sin/add_1105_9/S1 undriven or does not drive anything - clipped.
Signal CIC1Sin/add_1105_9/S0 undriven or does not drive anything - clipped.
Signal CIC1Sin/add_1056_36/CO undriven or does not drive anything - clipped.
Signal CIC1Sin/add_1052_1/S1 undriven or does not drive anything - clipped.
Signal CIC1Sin/add_1052_1/S0 undriven or does not drive anything - clipped.
Signal CIC1Sin/add_1052_1/CI undriven or does not drive anything - clipped.
Signal CIC1Sin/add_1105_11/S1 undriven or does not drive anything - clipped.
Signal CIC1Sin/add_1105_11/S0 undriven or does not drive anything - clipped.
Signal CIC1Sin/add_1106_7/S1 undriven or does not drive anything - clipped.
Signal CIC1Sin/add_1106_7/S0 undriven or does not drive anything - clipped.
Signal SinCos1/neg_rom_dout_s_n_0/S1 undriven or does not drive anything -
     clipped.
Signal SinCos1/neg_rom_dout_s_n_0/S0 undriven or does not drive anything -
     clipped.
Signal SinCos1/neg_rom_dout_c_n_6/COUT undriven or does not drive anything -
     clipped.
Signal SinCos1/neg_rom_dout_c_n_0/S1 undriven or does not drive anything -
     clipped.
Signal SinCos1/neg_rom_dout_c_n_0/S0 undriven or does not drive anything -
     clipped.
Signal SinCos1/neg_rom_dout_s_n_6/COUT undriven or does not drive anything -
     clipped.
Signal SinCos1/neg_rom_addr0_r_n_3/S1 undriven or does not drive anything -
     clipped.
Signal SinCos1/neg_rom_addr0_r_n_3/COUT undriven or does not drive anything -
     clipped.
Signal SinCos1/neg_rom_addr0_r_n_0/S0 undriven or does not drive anything -
     clipped.

                                   Page 18




Design:  top                                           Date:  04/06/20  13:41:21

Removed logic (cont)
--------------------
Signal Mixer1/unary_minus_6_add_3_1/S0 undriven or does not drive anything -
     clipped.
Signal Mixer1/unary_minus_6_add_3_1/CI undriven or does not drive anything -
     clipped.
Signal Mixer1/unary_minus_6_add_3_13/S1 undriven or does not drive anything -
     clipped.
Signal Mixer1/unary_minus_6_add_3_13/CO undriven or does not drive anything -
     clipped.
Signal Mixer1/unary_minus_7_add_3_1/S0 undriven or does not drive anything -
     clipped.
Signal Mixer1/unary_minus_7_add_3_1/CI undriven or does not drive anything -
     clipped.
Signal Mixer1/unary_minus_7_add_3_13/S1 undriven or does not drive anything -
     clipped.
Signal Mixer1/unary_minus_7_add_3_13/CO undriven or does not drive anything -
     clipped.
Signal sub_45_add_2_1/S0 undriven or does not drive anything - clipped.
Signal sub_45_add_2_1/CI undriven or does not drive anything - clipped.
Signal sub_45_add_2_61/S1 undriven or does not drive anything - clipped.
Signal sub_45_add_2_61/CO undriven or does not drive anything - clipped.
Signal add_749_1/S1 undriven or does not drive anything - clipped.
Signal add_749_1/S0 undriven or does not drive anything - clipped.
Signal add_749_1/CI undriven or does not drive anything - clipped.
Signal add_749_65/CO undriven or does not drive anything - clipped.
Signal sub_46_add_2_1/S0 undriven or does not drive anything - clipped.
Signal sub_46_add_2_1/CI undriven or does not drive anything - clipped.
Signal sub_46_add_2_63/CO undriven or does not drive anything - clipped.
Signal uart_rx1/r_Clock_Count_1009_add_4_1/S0 undriven or does not drive
     anything - clipped.
Signal uart_rx1/r_Clock_Count_1009_add_4_1/CI undriven or does not drive
     anything - clipped.
Signal uart_rx1/r_Clock_Count_1009_add_4_17/S1 undriven or does not drive
     anything - clipped.
Signal uart_rx1/r_Clock_Count_1009_add_4_17/CO undriven or does not drive
     anything - clipped.
Signal uart_rx1/UartClk_1007_1029_add_4_1/S0 undriven or does not drive anything
     - clipped.
Signal uart_rx1/UartClk_1007_1029_add_4_1/CI undriven or does not drive anything
     - clipped.
Signal uart_rx1/UartClk_1007_1029_add_4_3/CO undriven or does not drive anything
     - clipped.
Signal PWM1/sub_765_add_2_1/S1 undriven or does not drive anything - clipped.
Signal PWM1/sub_765_add_2_1/S0 undriven or does not drive anything - clipped.
Signal PWM1/sub_765_add_2_1/CI undriven or does not drive anything - clipped.
Signal PWM1/sub_765_add_2_3/S1 undriven or does not drive anything - clipped.
Signal PWM1/sub_765_add_2_3/S0 undriven or does not drive anything - clipped.
Signal PWM1/sub_765_add_2_5/S1 undriven or does not drive anything - clipped.
Signal PWM1/sub_765_add_2_5/S0 undriven or does not drive anything - clipped.
Signal PWM1/sub_765_add_2_7/S1 undriven or does not drive anything - clipped.
Signal PWM1/sub_765_add_2_7/S0 undriven or does not drive anything - clipped.
Signal PWM1/sub_765_add_2_9/S1 undriven or does not drive anything - clipped.
Signal PWM1/sub_765_add_2_9/S0 undriven or does not drive anything - clipped.
Signal PWM1/sub_765_add_2_11/S0 undriven or does not drive anything - clipped.
Signal PWM1/sub_765_add_2_11/CO undriven or does not drive anything - clipped.
Signal PWM1/counter_1006_add_4_1/S0 undriven or does not drive anything -
     clipped.

                                   Page 19




Design:  top                                           Date:  04/06/20  13:41:21

Removed logic (cont)
--------------------
Signal PWM1/counter_1006_add_4_1/CI undriven or does not drive anything -
     clipped.
Signal PWM1/counter_1006_add_4_11/S1 undriven or does not drive anything -
     clipped.
Signal PWM1/counter_1006_add_4_11/CO undriven or does not drive anything -
     clipped.
Block AMDemodulator1/Multiplier1/AND2_t27 was optimized away.
Block AMDemodulator1/Multiplier2/AND2_t27 was optimized away.
Block SinCos1/INV_1 was optimized away.
Block SinCos1/INV_2 was optimized away.
Block SinCos1/INV_3 was optimized away.
Block SinCos1/INV_4 was optimized away.
Block SinCos1/INV_5 was optimized away.
Block SinCos1/INV_6 was optimized away.
Block SinCos1/INV_7 was optimized away.
Block SinCos1/INV_8 was optimized away.
Block SinCos1/INV_9 was optimized away.
Block SinCos1/INV_10 was optimized away.
Block SinCos1/INV_11 was optimized away.
Block SinCos1/INV_12 was optimized away.
Block SinCos1/INV_13 was optimized away.
Block SinCos1/INV_14 was optimized away.
Block SinCos1/INV_15 was optimized away.
Block SinCos1/INV_16 was optimized away.
Block SinCos1/INV_17 was optimized away.
Block SinCos1/INV_18 was optimized away.
Block SinCos1/INV_19 was optimized away.
Block SinCos1/INV_20 was optimized away.
Block SinCos1/INV_21 was optimized away.
Block SinCos1/INV_22 was optimized away.
Block SinCos1/INV_23 was optimized away.
Block SinCos1/INV_24 was optimized away.
Block SinCos1/INV_25 was optimized away.
Block SinCos1/INV_26 was optimized away.
Block SinCos1/INV_27 was optimized away.
Block SinCos1/INV_28 was optimized away.
Block SinCos1/INV_33 was optimized away.
Block SinCos1/INV_32 was optimized away.
Block SinCos1/INV_31 was optimized away.
Block SinCos1/INV_30 was optimized away.
Block SinCos1/INV_29 was optimized away.
Block uart_rx1/i2368_1_lut was optimized away.
Block SinCos1/triglut_1_0_12 was optimized away.
Block SinCos1/triglut_1_0_24 was optimized away.
Block SinCos1/triglut_1_0_25 was optimized away.

     

OSC Summary
-----------

OSC 1:                                     Pin/Node Value
  OSC Instance Name:                                OSCH_inst
  OSC Type:                                         OSCH
  STDBY Input:                                      NONE
  OSC Output:                              NODE     osc_clk

                                   Page 20




Design:  top                                           Date:  04/06/20  13:41:21

OSC Summary (cont)
------------------
  OSC Nominal Frequency (MHz):                      88.67

ASIC Components
---------------

Instance Name: OSCH_inst
         Type: OSCH

Run Time and Memory Usage
-------------------------

   Total CPU Time: 2 secs  
   Total REAL Time: 2 secs  
   Peak Memory Usage: 86 MB
        










































                                   Page 21


Copyright (c) 1991-1994 by NeoCAD Inc. All rights reserved.
     Copyright (c) 1995 AT&T Corp.   All rights reserved.
     Copyright (c) 1995-2001 Lucent Technologies Inc.  All rights reserved.
     Copyright (c) 2001 Agere Systems   All rights reserved.
     Copyright (c) 2002-2019 Lattice Semiconductor Corporation,  All rights
     reserved.
