all messages logged in file C:/Users/user/lattice/FPGASDR_3/impl1/reveal_error.log
Analyzing Verilog file C:/Users/user/lattice/FPGASDR_3/impl1/reveal_workspace/tmpreveal/top_reveal_coretop.v (VERI-1482)
Analyzing Verilog file C:/Users/user/lattice/FPGASDR_3/impl1/source/top.v (VERI-1482)
Analyzing Verilog file C:/Users/user/lattice/FPGASDR_3/impl1/source/UartRX.v (VERI-1482)
Analyzing Verilog file C:/Users/user/lattice/FPGASDR_3/impl1/source/UartTX.v (VERI-1482)
Analyzing Verilog file C:/Users/user/lattice/FPGASDR_3/NCO.v (VERI-1482)
Analyzing Verilog file C:/Users/user/lattice/FPGASDR_3/Mixer.v (VERI-1482)
Analyzing Verilog file C:/Users/user/lattice/FPGASDR_3/CIC.v (VERI-1482)
Analyzing Verilog file C:/Users/user/lattice/FPGASDR_3/PWM.v (VERI-1482)
Analyzing Verilog file C:/Users/user/lattice/FPGASDR_3/Multiplier.v (VERI-1482)
Analyzing Verilog file C:/Users/user/lattice/FPGASDR_3/HP_shift.v (VERI-1482)
Analyzing Verilog file C:/Users/user/lattice/FPGASDR_3/AMDemod.v (VERI-1482)
Analyzing Verilog file C:/Users/user/lattice/FPGASDR_3/SinCos.v (VERI-1482)
Analyzing Verilog file C:/Users/user/lattice/FPGASDR_3/PLL.v (VERI-1482)
Analyzing Verilog file C:/Users/user/lattice/FPGASDR_3/NCOAdder.v (VERI-1482)
INFO: C:/Users/user/lattice/FPGASDR_3/impl1/source/top.v(6): compiling module top (VERI-1018)
INFO: C:/Users/user/lattice/FPGASDR_3/impl1/source/top.v(345): elaborating module 'top' (VERI-9000)
INFO: C:/Users/user/lattice/FPGASDR_3/SinCos.v(975): elaborating module 'SinCos_uniq_1' (VERI-9000)
INFO: C:/Users/user/lattice/FPGASDR_3/NCO.v(56): elaborating module 'nco_sig_uniq_1' (VERI-9000)
INFO: C:/Users/user/lattice/FPGASDR_3/NCO.v(56): elaborating module 'nco_sig_uniq_2' (VERI-9000)
INFO: C:/Users/user/lattice/FPGASDR_3/Mixer.v(83): elaborating module 'Mixer_uniq_1' (VERI-9000)
INFO: C:/Users/user/lattice/FPGASDR_3/CIC.v(131): elaborating module 'CIC_uniq_1' (VERI-9000)
INFO: C:/Users/user/lattice/FPGASDR_3/CIC.v(131): elaborating module 'CIC_uniq_2' (VERI-9000)
INFO: C:/Users/user/lattice/FPGASDR_3/PWM.v(37): elaborating module 'PWM_uniq_1' (VERI-9000)
INFO: C:/Users/user/lattice/FPGASDR_3/PLL.v(93): elaborating module 'PLL_uniq_1' (VERI-9000)
INFO: C:/Users/user/lattice/FPGASDR_3/AMDemod.v(95): elaborating module 'AMDemodulator_uniq_1' (VERI-9000)
INFO: C:/Users/user/lattice/FPGASDR_3/impl1/source/UartRX.v(175): elaborating module 'uart_rx_uniq_1' (VERI-9000)
INFO: C:/Users/user/lattice/FPGASDR_3/impl1/source/UartTX.v(153): elaborating module 'uart_tx_uniq_1' (VERI-9000)
INFO: C:/Users/user/lattice/FPGASDR_3/Multiplier.v(1311): elaborating module 'Multiplier_uniq_1' (VERI-9000)
INFO: C:/Users/user/lattice/FPGASDR_3/Multiplier.v(1311): elaborating module 'Multiplier_uniq_2' (VERI-9000)
Pretty printing all modules in library work to file C:/Users/user/lattice/FPGASDR_3/impl1/reveal_workspace/tmpreveal/top_rvl.v (VERI-1491)
