C:\lscc\diamond\3.10_x64\synpbase\bin64\c_hdl.exe  -osyn  C:\Users\Rinaldi-i3\lattice\FPGASDR_3\impl1\synwork\impl1_comp.srs  -top  top  -hdllog  C:\Users\Rinaldi-i3\lattice\FPGASDR_3\impl1\synlog\impl1_compiler.srr  -encrypt  -mp  1  -verification_mode 0  -verilog  -prodtype  synplify_pro  -dspmac -fixsmult -infer_seqShift -nram -sdff_counter -divnmod -nostructver   -I C:\Users\Rinaldi-i3\lattice\FPGASDR_3  -I C:\Users\Rinaldi-i3\lattice\FPGASDR_3\impl1\  -I C:\lscc\diamond\3.10_x64\synpbase\lib   -sysv  -devicelib  C:\lscc\diamond\3.10_x64\synpbase\lib\lucent\machxo2.v  -devicelib  C:\lscc\diamond\3.10_x64\synpbase\lib\lucent\pmi_def.v  -encrypt  -pro  -dmgen  C:\Users\Rinaldi-i3\lattice\FPGASDR_3\impl1\dm  -ui -fid2 -ram -sharing on -ll 2000 -autosm  -D_MULTIPLE_FILE_COMPILATION_UNIT_  -lib work C:\Users\Rinaldi-i3\lattice\FPGASDR_3\impl1\source\top.v -lib work C:\Users\Rinaldi-i3\lattice\FPGASDR_3\impl1\source\UartRX.v -lib work C:\Users\Rinaldi-i3\lattice\FPGASDR_3\impl1\source\UartTX.v -lib work C:\Users\Rinaldi-i3\lattice\FPGASDR_3\NCO.v -lib work C:\Users\Rinaldi-i3\lattice\FPGASDR_3\Mixer.v -lib work C:\Users\Rinaldi-i3\lattice\FPGASDR_3\SinCos.v -lib work C:\Users\Rinaldi-i3\lattice\FPGASDR_3\CIC.v -lib work C:\Users\Rinaldi-i3\lattice\FPGASDR_3\PWM.v -lib work C:\Users\Rinaldi-i3\lattice\FPGASDR_3\HP_shift.v -lib work C:\Users\Rinaldi-i3\lattice\FPGASDR_3\frequency_select.v -lib work C:\Users\Rinaldi-i3\lattice\FPGASDR_3\PLL.v -lib work C:\Users\Rinaldi-i3\lattice\FPGASDR_3\CarrierPLL.v  -jobname  "compiler" 
relcom:..\..\..\..\..\..\lscc\diamond\3.10_x64\synpbase\bin64\c_hdl.exe -osyn ..\synwork\impl1_comp.srs -top top -hdllog ..\synlog\impl1_compiler.srr -encrypt -mp 1 -verification_mode 0 -verilog -prodtype synplify_pro -dspmac -fixsmult -infer_seqShift -nram -sdff_counter -divnmod -nostructver -I ..\..\..\FPGASDR_3 -I ..\ -I ..\..\..\..\..\..\lscc\diamond\3.10_x64\synpbase\lib -sysv -devicelib ..\..\..\..\..\..\lscc\diamond\3.10_x64\synpbase\lib\lucent\machxo2.v -devicelib ..\..\..\..\..\..\lscc\diamond\3.10_x64\synpbase\lib\lucent\pmi_def.v -encrypt -pro -dmgen ..\dm -ui -fid2 -ram -sharing on -ll 2000 -autosm -D_MULTIPLE_FILE_COMPILATION_UNIT_ -lib work ..\source\top.v -lib work ..\source\UartRX.v -lib work ..\source\UartTX.v -lib work ..\..\NCO.v -lib work ..\..\Mixer.v -lib work ..\..\SinCos.v -lib work ..\..\CIC.v -lib work ..\..\PWM.v -lib work ..\..\HP_shift.v -lib work ..\..\frequency_select.v -lib work ..\..\PLL.v -lib work ..\..\CarrierPLL.v -jobname "compiler"
rc:0 success:1 runtime:7
file:..\synwork\impl1_comp.srs|io:o|time:1578143274|size:32292|exec:0|csum:
file:..\synlog\impl1_compiler.srr|io:o|time:1578143274|size:17175|exec:0|csum:
file:..\..\..\..\..\..\lscc\diamond\3.10_x64\synpbase\lib\lucent\machxo2.v|io:i|time:1501885416|size:54295|exec:0|csum:D5667017EB528EBD3C317EFCC9D2C19B
file:..\..\..\..\..\..\lscc\diamond\3.10_x64\synpbase\lib\lucent\pmi_def.v|io:i|time:1501885416|size:40584|exec:0|csum:530CC5906D70AB3C6A4AA0861AC94BDF
file:..\source\top.v|io:i|time:1578133784|size:5387|exec:0|csum:B98E98AFCF086DBC3632BAE8A44E3BFF
file:..\source\UartRX.v|io:i|time:1576961314|size:4826|exec:0|csum:20C02229B7B2AE74FBDAB7CA954EBA51
file:..\source\UartTX.v|io:i|time:1576961314|size:4517|exec:0|csum:69D035052B6FF696EDF6E8C5214CBC4B
file:..\..\NCO.v|io:i|time:1578089197|size:1260|exec:0|csum:9C6667D5C356E1A76B6ABBE9FAE723A3
file:..\..\Mixer.v|io:i|time:1568667379|size:1195|exec:0|csum:D54C0D67F5C2271B6552BC4463D3ACD1
file:..\..\SinCos.v|io:i|time:1568667379|size:8832|exec:0|csum:255C2E1CD0B1F1A96004CD945DCD7936
file:..\..\CIC.v|io:i|time:1577035563|size:3056|exec:0|csum:35C19E7DE9C69B9BCE2A94EB5B69B7F8
file:..\..\PWM.v|io:i|time:1568667379|size:548|exec:0|csum:AAC236396318B1349B2EDCBDED14B422
file:..\..\HP_shift.v|io:i|time:1576961314|size:744|exec:0|csum:226A98BE2C981766C6894B544050DD6D
file:..\..\frequency_select.v|io:i|time:1576961314|size:699|exec:0|csum:19D64ABAB67F630B508BE9C2EC048670
file:..\..\PLL.v|io:i|time:1578141419|size:4307|exec:0|csum:E490858B662674430B50D4681290BF6A
file:..\..\CarrierPLL.v|io:i|time:1578086288|size:2340|exec:0|csum:4FF0808080D1F8AF3B1B6A3C14A636BC
file:..\..\..\..\..\..\lscc\diamond\3.10_x64\synpbase\bin64\c_hdl.exe|io:i|time:1501881158|size:5526016|exec:1|csum:B0FC75282263C9BC65A760D01C67ECBA
