
**** Build of configuration Nios II for project sdr ****

make all 
Info: Building ../sdr_bsp/
make --no-print-directory -C ../sdr_bsp/
[BSP build complete]
Info: Compiling sdr.c to obj/default/sdr.o
nios2-elf-gcc -xc -MP -MMD -c -I../sdr_bsp//HAL/inc -I../sdr_bsp/ -I../sdr_bsp//drivers/inc  -DSYSTEM_BUS_WIDTH=32 -pipe -D__hal__ -DALT_NO_C_PLUS_PLUS -DALT_NO_CLEAN_EXIT -D'exit(a)=_exit(a)' -DALT_NO_EXIT -DALT_USE_DIRECT_DRIVERS -DALT_NO_INSTRUCTION_EMULATION -DALT_USE_SMALL_DRIVERS -DSMALL_C_LIB -DALT_SINGLE_THREADED    -Os -g -Wall   -mno-hw-div -mno-hw-mul -mno-hw-mulx  -o obj/default/sdr.o sdr.c
Info: Linking sdr.elf
nios2-elf-g++  -T'../sdr_bsp//linker.x' -msys-crt0='../sdr_bsp//obj/HAL/src/crt0.o' -msys-lib=hal_bsp -L../sdr_bsp/  -msmallc  -Wl,-Map=sdr.map   -Os -g -Wall   -mno-hw-div -mno-hw-mul -mno-hw-mulx  -o sdr.elf obj/default/sdr.o -lm 
nios2-elf-insert sdr.elf --thread_model hal --cpu_name NIOS --qsys true --simulation_enabled false --stderr_dev jtag_uart --stdin_dev jtag_uart --stdout_dev jtag_uart --sopc_system_name qsys_block --quartus_project_dir "D:/QuartusProjects/Development_Kits/DE0_CYCLONEIII/SDR_CycloneIII" --sopcinfo D:/QuartusProjects/Development_Kits/DE0_CYCLONEIII/SDR_CycloneIII/qsys_block.sopcinfo
Info: (sdr.elf) 10 KBytes program size (code + initialized data).
Info:           8181 KBytes free for stack + heap.
Info: Creating sdr.objdump
nios2-elf-objdump --disassemble --syms --all-header --source sdr.elf >sdr.objdump
[sdr build complete]

**** Build Finished ****

**** Build of configuration Nios II for project sdr ****

make all 
Info: Building ../sdr_bsp/
make --no-print-directory -C ../sdr_bsp/
[BSP build complete]
[sdr build complete]

**** Build Finished ****

**** Build of configuration Nios II for project sdr ****

make all 
Info: Building ../sdr_bsp/
make --no-print-directory -C ../sdr_bsp/
[BSP build complete]
[sdr build complete]

**** Build Finished ****
